<?xml version="1.0" encoding="UTF-8"?>
<testsuite name="com.ps.madvirus.MadvirusApplicationTests" tests="1" skipped="0" failures="0" errors="0" timestamp="2025-03-02T09:40:26" hostname="MacBook-Air-de-PS.local" time="0.398">
  <properties/>
  <testcase name="contextLoads()" classname="com.ps.madvirus.MadvirusApplicationTests" time="0.398"/>
  <system-out><![CDATA[18:40:26.008 [Test worker] INFO org.springframework.test.context.support.AnnotationConfigContextLoaderUtils -- Could not detect default configuration classes for test class [com.ps.madvirus.MadvirusApplicationTests]: MadvirusApplicationTests does not declare any static, non-private, non-final, nested classes annotated with @Configuration.
18:40:26.050 [Test worker] INFO org.springframework.boot.test.context.SpringBootTestContextBootstrapper -- Found @SpringBootConfiguration com.ps.madvirus.MadvirusApplication for test class com.ps.madvirus.MadvirusApplicationTests

  .   ____          _            __ _ _
 /\\ / ___'_ __ _ _(_)_ __  __ _ \ \ \ \
( ( )\___ | '_ | '_| | '_ \/ _` | \ \ \ \
 \\/  ___)| |_)| | | | | || (_| |  ) ) ) )
  '  |____| .__|_| |_|_| |_\__, | / / / /
 =========|_|==============|___/=/_/_/_/

 :: Spring Boot ::                (v3.4.3)

2025-03-02T18:40:26.232+09:00  INFO 25260 --- [madvirus-tdd] [    Test worker] c.ps.madvirus.MadvirusApplicationTests   : Starting MadvirusApplicationTests using Java 21.0.3 with PID 25260 (started by ps in /Users/ps/workspace/madvirus/roadmap-madvirus/madvirus-tdd)
2025-03-02T18:40:26.233+09:00  INFO 25260 --- [madvirus-tdd] [    Test worker] c.ps.madvirus.MadvirusApplicationTests   : The following 1 profile is active: "local"
2025-03-02T18:40:26.703+09:00  INFO 25260 --- [madvirus-tdd] [    Test worker] c.ps.madvirus.MadvirusApplicationTests   : Started MadvirusApplicationTests in 0.595 seconds (process running for 1.11)
]]></system-out>
  <system-err><![CDATA[Mockito is currently self-attaching to enable the inline-mock-maker. This will no longer work in future releases of the JDK. Please add Mockito as an agent to your build what is described in Mockito's documentation: https://javadoc.io/doc/org.mockito/mockito-core/latest/org/mockito/Mockito.html#0.3
WARNING: A Java agent has been loaded dynamically (/Users/ps/.gradle/caches/modules-2/files-2.1/net.bytebuddy/byte-buddy-agent/1.15.11/a38b16385e867f59a641330f0362ebe742788ed8/byte-buddy-agent-1.15.11.jar)
WARNING: If a serviceability tool is in use, please run with -XX:+EnableDynamicAgentLoading to hide this warning
WARNING: If a serviceability tool is not in use, please run with -Djdk.instrument.traceUsage for more information
WARNING: Dynamic loading of agents will be disallowed by default in a future release
]]></system-err>
</testsuite>
